<?xml version="1.0" encoding="UTF-8"?>
<!-- Generated by org.testng.reporters.JUnitReportReporter -->
<testsuite skipped="0" hostname="TRIPTI-PC" name="openqa.selenium.with.testng.TestSeleniumWithTestNG" tests="1" failures="0" timestamp="2019-01-23T11:52:33 IST" time="51.451" errors="0">
  <testcase name="PercentageCalculator" time="51.451" classname="openqa.selenium.with.testng.TestSeleniumWithTestNG"/>
</testsuite> <!-- openqa.selenium.with.testng.TestSeleniumWithTestNG -->
