<?xml version="1.0" encoding="UTF-8"?>
<!-- Generated by org.testng.reporters.JUnitReportReporter -->
<testsuite skipped="0" hostname="TRIPTI-PC" name="parameter.example.ParametrizationExample" tests="3" failures="0" timestamp="27 Jan 2019 04:18:25 GMT" time="31.529" errors="0">
  <testcase name="Login" time="0.482" classname="parameter.example.ParametrizationExample"/>
  <testcase name="Login" time="0.467" classname="parameter.example.ParametrizationExample"/>
  <testcase name="Login" time="30.580" classname="parameter.example.ParametrizationExample"/>
</testsuite> <!-- parameter.example.ParametrizationExample -->
