<?xml version="1.0" encoding="UTF-8"?>
<!-- Generated by org.testng.reporters.JUnitReportReporter -->
<testsuite skipped="1" hostname="TRIPTI-PC" name="multidata.approach.jxl.dataprovider.MultidataTest" tests="1" failures="0" timestamp="08 Feb 2019 05:01:52 GMT" time="0.000" errors="0">
  <testcase name="FacebookTesting" time="0.000" classname="multidata.approach.jxl.dataprovider.MultidataTest">
    <skipped/>
  </testcase> <!-- FacebookTesting -->
</testsuite> <!-- multidata.approach.jxl.dataprovider.MultidataTest -->
