<?xml version="1.0" encoding="UTF-8"?>
<!-- Generated by org.testng.reporters.JUnitReportReporter -->
<testsuite skipped="0" hostname="TRIPTI-PC" name="com.execution.GoogleTest" tests="1" failures="0" timestamp="24 Feb 2019 11:26:46 GMT" time="0.001" errors="0">
  <testcase name="f" time="0.001" classname="com.execution.GoogleTest"/>
</testsuite> <!-- com.execution.GoogleTest -->
