<?xml version="1.0" encoding="UTF-8"?>
<!-- Generated by org.testng.reporters.JUnitReportReporter -->
<testsuite skipped="0" hostname="TRIPTI-PC" name="com.screenhot.example.ScreenShotExample" tests="1" failures="0" timestamp="05 Feb 2019 05:58:49 GMT" time="88.297" errors="0">
  <testcase name="Test" time="88.297" classname="com.screenhot.example.ScreenShotExample"/>
</testsuite> <!-- com.screenhot.example.ScreenShotExample -->
