<?xml version="1.0" encoding="UTF-8"?>
<!-- Generated by org.testng.reporters.JUnitReportReporter -->
<testsuite skipped="0" hostname="TRIPTI-PC" name="testng.example.FrameworkTest" tests="1" failures="0" timestamp="10 Feb 2019 06:13:28 GMT" time="11.849" errors="0">
  <testcase name="loginTest" time="11.849" classname="testng.example.FrameworkTest"/>
</testsuite> <!-- testng.example.FrameworkTest -->
