<?xml version="1.0" encoding="UTF-8"?>
<!-- Generated by org.testng.reporters.JUnitReportReporter -->
<testsuite skipped="0" hostname="TRIPTI-PC" name="testng.example.Framework2Test" tests="1" failures="0" timestamp="10 Feb 2019 06:13:28 GMT" time="17.951" errors="0">
  <testcase name="loginTest" time="17.951" classname="testng.example.Framework2Test"/>
</testsuite> <!-- testng.example.Framework2Test -->
