<?xml version="1.0" encoding="UTF-8"?>
<!-- Generated by org.testng.reporters.JUnitReportReporter -->
<testsuite skipped="0" hostname="TRIPTI-PC" name="dataprovider.example.with.testing.DataProviderExample" tests="7" failures="0" timestamp="10 Jan 2019 06:31:45 GMT" time="200.787" errors="0">
  <testcase name="f" time="26.625" classname="dataprovider.example.with.testing.DataProviderExample"/>
  <testcase name="f" time="54.713" classname="dataprovider.example.with.testing.DataProviderExample"/>
  <testcase name="f" time="23.703" classname="dataprovider.example.with.testing.DataProviderExample"/>
  <testcase name="f" time="28.988" classname="dataprovider.example.with.testing.DataProviderExample"/>
  <testcase name="f" time="23.918" classname="dataprovider.example.with.testing.DataProviderExample"/>
  <testcase name="f" time="20.969" classname="dataprovider.example.with.testing.DataProviderExample"/>
  <testcase name="f" time="21.871" classname="dataprovider.example.with.testing.DataProviderExample"/>
</testsuite> <!-- dataprovider.example.with.testing.DataProviderExample -->
