<?xml version="1.0" encoding="UTF-8"?>
<!-- Generated by org.testng.reporters.JUnitReportReporter -->
<testsuite skipped="0" hostname="TRIPTI-PC" name="dataprovider.example.with.dataprovider.example.with.testing.NewTest" tests="5" failures="0" timestamp="05 Feb 2019 08:10:51 GMT" time="0.042" errors="0">
  <testcase name="f" time="0.016" classname="dataprovider.example.with.dataprovider.example.with.testing.NewTest"/>
  <testcase name="f" time="0.009" classname="dataprovider.example.with.dataprovider.example.with.testing.NewTest"/>
  <testcase name="f" time="0.006" classname="dataprovider.example.with.dataprovider.example.with.testing.NewTest"/>
  <testcase name="f" time="0.006" classname="dataprovider.example.with.dataprovider.example.with.testing.NewTest"/>
  <testcase name="f" time="0.005" classname="dataprovider.example.with.dataprovider.example.with.testing.NewTest"/>
</testsuite> <!-- dataprovider.example.with.dataprovider.example.with.testing.NewTest -->
