<?xml version="1.0" encoding="UTF-8"?>
<!-- Generated by org.testng.reporters.JUnitReportReporter -->
<testsuite skipped="0" hostname="TRIPTI-PC" name="selenium.with.testng.SeleniumWithTestNG" tests="1" failures="0" timestamp="09 Jan 2019 07:02:06 GMT" time="69.467" errors="0">
  <testcase name="PercentageCalculator" time="69.467" classname="selenium.with.testng.SeleniumWithTestNG"/>
</testsuite> <!-- selenium.with.testng.SeleniumWithTestNG -->
