<?xml version="1.0" encoding="UTF-8"?>
<!-- Generated by org.testng.reporters.JUnitReportReporter -->
<testsuite skipped="0" hostname="TRIPTI-PC" name="openqa.testng.example.MultipleTestExample" tests="5" failures="0" timestamp="27 Jan 2019 04:04:39 GMT" time="0.078" errors="0">
  <testcase name="One" time="0.006" classname="openqa.testng.example.MultipleTestExample"/>
  <testcase name="Five" time="0.016" classname="openqa.testng.example.MultipleTestExample"/>
  <testcase name="Three" time="0.004" classname="openqa.testng.example.MultipleTestExample"/>
  <testcase name="Two" time="0.003" classname="openqa.testng.example.MultipleTestExample"/>
  <testcase name="Four" time="0.049" classname="openqa.testng.example.MultipleTestExample"/>
</testsuite> <!-- openqa.testng.example.MultipleTestExample -->
