<?xml version="1.0" encoding="UTF-8"?>
<!-- Generated by org.testng.reporters.JUnitReportReporter -->
<testsuite skipped="0" hostname="TRIPTI-PC" name="openqa.testng.example.DependsOnMethodExample" tests="3" failures="0" timestamp="27 Jan 2019 04:01:55 GMT" time="0.023" errors="0">
  <testcase name="SignIn" time="0.003" classname="openqa.testng.example.DependsOnMethodExample"/>
  <testcase name="SignOut" time="0.001" classname="openqa.testng.example.DependsOnMethodExample"/>
  <testcase name="BrowserOpen" time="0.019" classname="openqa.testng.example.DependsOnMethodExample"/>
</testsuite> <!-- openqa.testng.example.DependsOnMethodExample -->
