<?xml version="1.0" encoding="UTF-8"?>
<!-- Generated by org.testng.reporters.JUnitReportReporter -->
<testsuite skipped="0" hostname="TRIPTI-PC" name="testngexample.NewTest" tests="1" failures="0" timestamp="05 Feb 2019 10:28:09 GMT" time="0.012" errors="0">
  <testcase name="f" time="0.012" classname="testngexample.NewTest"/>
</testsuite> <!-- testngexample.NewTest -->
