<?xml version="1.0" encoding="UTF-8"?>
<!-- Generated by org.testng.reporters.JUnitReportReporter -->
<testsuite skipped="0" hostname="TRIPTI-PC" name="openqa.testng.example.PriorityExample" tests="5" failures="0" timestamp="27 Jan 2019 04:05:44 GMT" time="0.042" errors="0">
  <testcase name="One" time="0.017" classname="openqa.testng.example.PriorityExample"/>
  <testcase name="Two" time="0.006" classname="openqa.testng.example.PriorityExample"/>
  <testcase name="Three" time="0.003" classname="openqa.testng.example.PriorityExample"/>
  <testcase name="Four" time="0.004" classname="openqa.testng.example.PriorityExample"/>
  <testcase name="Five" time="0.012" classname="openqa.testng.example.PriorityExample"/>
</testsuite> <!-- openqa.testng.example.PriorityExample -->
