<?xml version="1.0" encoding="UTF-8"?>
<!-- Generated by org.testng.reporters.JUnitReportReporter -->
<testsuite skipped="3" hostname="TRIPTI-PC" name="openqa.testng.example.SwitchOnAndSwitchOffExample" tests="5" failures="0" timestamp="27 Jan 2019 04:06:14 GMT" time="0.032" errors="0">
  <testcase name="One" time="0.027" classname="openqa.testng.example.SwitchOnAndSwitchOffExample"/>
  <testcase name="Four" time="0.005" classname="openqa.testng.example.SwitchOnAndSwitchOffExample"/>
  <testcase name="Five" classname="openqa.testng.example.SwitchOnAndSwitchOffExample">
    <skipped/>
  </testcase> <!-- Five -->
  <testcase name="Two" classname="openqa.testng.example.SwitchOnAndSwitchOffExample">
    <skipped/>
  </testcase> <!-- Two -->
  <testcase name="Three" classname="openqa.testng.example.SwitchOnAndSwitchOffExample">
    <skipped/>
  </testcase> <!-- Three -->
</testsuite> <!-- openqa.testng.example.SwitchOnAndSwitchOffExample -->
