<?xml version="1.0" encoding="UTF-8"?>
<!-- Generated by org.testng.reporters.JUnitReportReporter -->
<testsuite skipped="0" hostname="TRIPTI-PC" name="openqa.testng.example.AnnotationExample" tests="3" failures="0" timestamp="27 Jan 2019 03:58:35 GMT" time="0.092" errors="0">
  <testcase name="f" time="0.057" classname="openqa.testng.example.AnnotationExample"/>
  <testcase name="f2" time="0.017" classname="openqa.testng.example.AnnotationExample"/>
  <testcase name="f3" time="0.018" classname="openqa.testng.example.AnnotationExample"/>
</testsuite> <!-- openqa.testng.example.AnnotationExample -->
