<?xml version="1.0" encoding="UTF-8"?>
<!-- Generated by org.testng.reporters.JUnitReportReporter -->
<testsuite skipped="0" hostname="TRIPTI-PC" name="selenium.with.testng.example.SeleniumTestExample" tests="1" failures="0" timestamp="05 Feb 2019 07:35:48 GMT" time="12.176" errors="0">
  <testcase name="LoginTest" time="12.176" classname="selenium.with.testng.example.SeleniumTestExample"/>
</testsuite> <!-- selenium.with.testng.example.SeleniumTestExample -->
