<?xml version="1.0" encoding="UTF-8"?>
<!-- Generated by org.testng.reporters.JUnitReportReporter -->
<testsuite skipped="0" hostname="TRIPTI-PC" name="dataprovider.example.with.dataprovider.example.with.testing.DataProviderExample" tests="4" failures="0" timestamp="05 Feb 2019 11:21:16 GMT" time="53.576" errors="0">
  <testcase name="LoginTest" time="8.047" classname="dataprovider.example.with.dataprovider.example.with.testing.DataProviderExample"/>
  <testcase name="LoginTest" time="8.331" classname="dataprovider.example.with.dataprovider.example.with.testing.DataProviderExample"/>
  <testcase name="LoginTest" time="25.690" classname="dataprovider.example.with.dataprovider.example.with.testing.DataProviderExample"/>
  <testcase name="LoginTest" time="11.508" classname="dataprovider.example.with.dataprovider.example.with.testing.DataProviderExample"/>
</testsuite> <!-- dataprovider.example.with.dataprovider.example.with.testing.DataProviderExample -->
