<?xml version="1.0" encoding="UTF-8"?>
<!-- Generated by org.testng.reporters.JUnitReportReporter -->
<testsuite skipped="0" hostname="TRIPTI-PC" name="openqa.testng.example.GroupingExample" tests="3" failures="0" timestamp="27 Jan 2019 04:04:06 GMT" time="0.048" errors="0">
  <testcase name="Sedan1" time="0.009" classname="openqa.testng.example.GroupingExample"/>
  <testcase name="Car1" time="0.035" classname="openqa.testng.example.GroupingExample"/>
  <testcase name="Car2" time="0.004" classname="openqa.testng.example.GroupingExample"/>
</testsuite> <!-- openqa.testng.example.GroupingExample -->
