<?xml version="1.0" encoding="UTF-8"?>
<!-- Generated by org.testng.reporters.JUnitReportReporter -->
<testsuite skipped="0" hostname="TRIPTI-PC" name="automation.framework.ReadWriteExcel" tests="1" failures="0" timestamp="08 Feb 2019 05:50:33 GMT" time="0.213" errors="0">
  <testcase name="readdata" time="0.213" classname="automation.framework.ReadWriteExcel"/>
</testsuite> <!-- automation.framework.ReadWriteExcel -->
