<?xml version="1.0" encoding="UTF-8"?>
<!-- Generated by org.testng.reporters.JUnitReportReporter -->
<testsuite skipped="0" hostname="TRIPTI-PC" name="testng.example.FrameworkTest" tests="1" failures="0" timestamp="10 Feb 2019 06:20:17 GMT" time="17.638" errors="0">
  <testcase name="loginTest" time="17.638" classname="testng.example.FrameworkTest"/>
</testsuite> <!-- testng.example.FrameworkTest -->
