<?xml version="1.0" encoding="UTF-8"?>
<!-- Generated by org.testng.reporters.JUnitReportReporter -->
<testsuite skipped="0" hostname="VIKRANT" name="testCases.ExecuteTest" tests="1" failures="0" timestamp="09 May 2018 05:45:34 GMT" time="37.479" errors="0">
  <testcase name="testLogin" time="37.479" classname="testCases.ExecuteTest"/>
</testsuite> <!-- testCases.ExecuteTest -->
