<?xml version="1.0" encoding="UTF-8"?>
<!-- Generated by org.testng.reporters.JUnitReportReporter -->
<testsuite skipped="0" hostname="TRIPTI-PC" name="listner.example.SeleniumWithTestNG" tests="1" failures="0" timestamp="12 Feb 2019 07:20:45 GMT" time="104.747" errors="0">
  <testcase name="PercentageCalculator" time="104.747" classname="listner.example.SeleniumWithTestNG"/>
</testsuite> <!-- listner.example.SeleniumWithTestNG -->
